<?xml version="1.0" encoding="UTF-8"?>
<!-- Generated by org.testng.reporters.JUnitXMLReporter -->
<testsuite ignored="0" hostname="DESKTOP-03HQKCE" failures="2" tests="2" name="Test" time="6.301" errors="0" timestamp="2025-10-08T17:47:50 IST">
  <testcase classname="listener.FbTest" name="titleCheck" time="2.183">
    <failure type="java.lang.AssertionError" message="expected [Fb] but found [Facebook – log in or sign up]">
      <![CDATA[java.lang.AssertionError: expected [Fb] but found [Facebook – log in or sign up]
at listener.FbTest.titleCheck(FbTest.java:20)
at java.base/java.util.ArrayList.forEach(ArrayList.java:1596)
... Removed 31 stack frames]]>
    </failure>
  </testcase> <!-- titleCheck -->
  <testcase classname="listener.FbTest" name="login" time="3.801">
    <failure type="java.lang.AssertionError" message="expected [Fb] but found [Facebook]">
      <![CDATA[java.lang.AssertionError: expected [Fb] but found [Facebook]
at listener.FbTest.login(FbTest.java:33)
at java.base/java.util.ArrayList.forEach(ArrayList.java:1596)
... Removed 31 stack frames]]>
    </failure>
  </testcase> <!-- login -->
</testsuite> <!-- Test -->
